time="2024-11-11T00:30:35+07:00" level=info msg="Error parsing request body in scheduleHandler: Unprocessable Entity"
time="2024-11-11T00:30:35+07:00" level=info msg="Task created: map[error:Invalid input]"
time="2024-11-11T00:31:16+07:00" level=info msg="Received request to schedule task"
time="2024-11-11T00:31:16+07:00" level=info msg="Error parsing request body in scheduleHandler: Unprocessable Entity"
time="2024-11-11T00:31:16+07:00" level=info msg="Task created: map[error:Invalid input]"
time="2024-11-11T00:33:48+07:00" level=info msg="Received request to schedule task [123 34 101 110 97 98 108 101 100 34 58 102 97 108 115 101 44 34 101 110 100 34 58 49 55 51 49 50 54 48 48 51 56 44 34 105 110 116 101 114 118 97 108 34 58 50 44 34 105 115 95 114 101 99 117 114 114 105 110 103 34 58 116 114 117 101 44 34 109 101 115 115 97 103 101 34 58 34 84 104 105 115 32 116 97 115 107 32 119 105 108 108 32 98 101 32 117 115 101 100 32 102 111 114 32 116 101 115 116 105 110 103 32 116 104 101 32 102 108 111 119 46 34 44 34 110 97 109 101 34 58 34 84 97 115 107 32 102 111 114 32 70 108 111 119 32 84 101 115 116 50 34 44 34 115 116 97 114 116 34 58 49 55 51 49 50 54 48 48 50 56 44 34 116 111 107 101 110 34 58 34 97 100 109 105 110 34 44 34 117 114 108 34 58 34 104 116 116 112 58 47 47 101 120 97 109 112 108 101 46 99 111 109 34 44 34 117 115 101 114 110 97 109 101 34 58 34 97 100 109 105 110 34 125]"
time="2024-11-11T00:33:48+07:00" level=info msg="Error parsing request body in scheduleHandler: Unprocessable Entity"
time="2024-11-11T00:33:48+07:00" level=info msg="Task created: map[error:Invalid input]"
time="2024-11-11T00:35:00+07:00" level=info msg="Received request to schedule task {\"enabled\":false,\"end\":1731260110,\"interval\":2,\"is_recurring\":true,\"message\":\"This task will be used for testing the flow.\",\"name\":\"Task for Flow Test2\",\"start\":1731260100,\"token\":\"admin\",\"url\":\"http://example.com\",\"username\":\"admin\"}"
time="2024-11-11T00:35:00+07:00" level=info msg="Error parsing request body in scheduleHandler: Unprocessable Entity"
time="2024-11-11T00:35:00+07:00" level=info msg="Task created: map[error:Invalid input]"
time="2024-11-11T08:29:22+07:00" level=info msg="Received request to schedule task {\"enabled\":false,\"end\":1731288572,\"interval\":2,\"is_recurring\":true,\"message\":\"This task will be used for testing the flow.\",\"name\":\"Task for Flow Test2\",\"start\":1731288562,\"token\":\"admin\",\"url\":\"http://example.com\",\"username\":\"admin\"}"
time="2024-11-11T08:29:22+07:00" level=info msg="Error parsing request body in scheduleHandler: Unprocessable Entity"
time="2024-11-11T08:29:22+07:00" level=info msg="Task created: map[error:Invalid input]"
time="2024-11-11T08:34:05+07:00" level=info msg="Received request to schedule task {\"enabled\":false,\"end\":1731288855,\"interval\":2,\"is_recurring\":true,\"message\":\"This task will be used for testing the flow.\",\"name\":\"Task for Flow Test2\",\"start\":1731288845,\"token\":\"admin\",\"url\":\"http://example.com\",\"username\":\"admin\"}"
time="2024-11-11T08:34:05+07:00" level=info msg="Task scheduled: map[enabled:false end:1731288855 interval:2 is_recurring:true message:This task will be used for testing the flow. name:Task for Flow Test2 start:1731288845 task_id:17 url:http://example.com user_id:1]\n"
time="2024-11-11T08:34:05+07:00" level=info msg="Task created: map[message:Task scheduled successfully task:map[enabled:false end:1.731288855e+09 interval:2 is_recurring:true message:This task will be used for testing the flow. name:Task for Flow Test2 start:1.731288845e+09 task_id:17 url:http://example.com user_id:1]]"
time="2024-11-11T08:34:05+07:00" level=info msg="Error parsing request body in setTaskEnabledHandler: Unprocessable Entity"
time="2024-11-11T08:34:05+07:00" level=info msg="Error parsing request body in fetchTasksHandler: Unprocessable Entity"
time="2024-11-11T08:34:35+07:00" level=info msg="Error parsing request body in setTaskEnabledHandler: Unprocessable Entity"
time="2024-11-11T08:34:35+07:00" level=info msg="Error parsing request body in fetchTasksHandler: Unprocessable Entity"
time="2024-11-11T08:36:07+07:00" level=info msg="Received request to schedule task {\"enabled\":false,\"end\":1731288977,\"interval\":2,\"is_recurring\":true,\"message\":\"This task will be used for testing the flow.\",\"name\":\"Task for Flow Test2\",\"start\":1731288967,\"token\":\"admin\",\"url\":\"http://example.com\",\"username\":\"admin\"}"
time="2024-11-11T08:36:07+07:00" level=info msg="Task with the same user_id and name already exists. Task ID: 17\n"
time="2024-11-11T08:36:07+07:00" level=info msg="Task created: map[error:Task with the same name already exists for this user]"
time="2024-11-11T08:40:42+07:00" level=info msg="Received request to schedule task {\"enabled\":false,\"end\":1731289252,\"interval\":2,\"is_recurring\":true,\"message\":\"This task will be used for testing the flow.\",\"name\":\"Task for Flow Test 2384\",\"start\":1731289242,\"token\":\"admin\",\"url\":\"http://example.com\",\"username\":\"admin\"}"
time="2024-11-11T08:40:42+07:00" level=info msg="Task scheduled: map[enabled:false end:1731289252 interval:2 is_recurring:true message:This task will be used for testing the flow. name:Task for Flow Test 2384 start:1731289242 task_id:18 url:http://example.com user_id:1]\n"
time="2024-11-11T08:40:42+07:00" level=info msg="Task created: map[message:Task scheduled successfully task:map[enabled:false end:1.731289252e+09 interval:2 is_recurring:true message:This task will be used for testing the flow. name:Task for Flow Test 2384 start:1.731289242e+09 task_id:18 url:http://example.com user_id:1]]"
time="2024-11-11T08:40:42+07:00" level=info msg="Task ID 18 for user ID 1 set to enabled: true\n"
time="2024-11-11T08:40:42+07:00" level=info msg="Response from setting task enabled: map[message:Task updated successfully task:map[enabled:true task_id:18]]"
time="2024-11-11T08:40:42+07:00" level=info msg="Error parsing request body in fetchTasksHandler: Unprocessable Entity"
time="2024-11-11T08:40:43+07:00" level=info msg="Executing task ID 18: This task will be used for testing the flow. at 2024-11-11T08:40:43+07:00\n"
time="2024-11-11T08:40:43+07:00" level=info msg="Task ID 18 completed: Status 200 OK\n"
time="2024-11-11T08:40:43+07:00" level=info msg="Task ID 18 rescheduled to start at 1731289245\n"
time="2024-11-11T08:40:45+07:00" level=info msg="Executing task ID 18: This task will be used for testing the flow. at 2024-11-11T08:40:45+07:00\n"
time="2024-11-11T08:40:45+07:00" level=info msg="Task ID 18 completed: Status 200 OK\n"
time="2024-11-11T08:40:45+07:00" level=info msg="Task ID 18 rescheduled to start at 1731289247\n"
time="2024-11-11T08:40:47+07:00" level=info msg="Executing task ID 18: This task will be used for testing the flow. at 2024-11-11T08:40:47+07:00\n"
time="2024-11-11T08:40:47+07:00" level=info msg="Task ID 18 completed: Status 200 OK\n"
time="2024-11-11T08:40:47+07:00" level=info msg="Task ID 18 rescheduled to start at 1731289249\n"
time="2024-11-11T08:40:49+07:00" level=info msg="Executing task ID 18: This task will be used for testing the flow. at 2024-11-11T08:40:49+07:00\n"
time="2024-11-11T08:40:49+07:00" level=info msg="Task ID 18 completed: Status 200 OK\n"
time="2024-11-11T08:40:49+07:00" level=info msg="Task ID 18 rescheduled to start at 1731289251\n"
time="2024-11-11T08:40:51+07:00" level=info msg="Executing task ID 18: This task will be used for testing the flow. at 2024-11-11T08:40:51+07:00\n"
time="2024-11-11T08:40:51+07:00" level=info msg="Task ID 18 completed: Status 200 OK\n"
time="2024-11-11T08:40:51+07:00" level=info msg="Task ID 18 rescheduled to start at 1731289253\n"
time="2024-11-11T08:41:12+07:00" level=info msg="Task ID 18 for user ID 1 set to enabled: false\n"
time="2024-11-11T08:41:12+07:00" level=info msg="Response from setting task enabled: map[message:Task updated successfully task:map[enabled:false task_id:18]]"
time="2024-11-11T08:41:12+07:00" level=info msg="Error parsing request body in fetchTasksHandler: Unprocessable Entity"
time="2024-11-11T08:44:52+07:00" level=info msg="Received request to schedule task {\"enabled\":false,\"end\":1731289502,\"interval\":2,\"is_recurring\":true,\"message\":\"This task will be used for testing the flow.\",\"name\":\"Task for Flow Test 6855\",\"start\":1731289492,\"token\":\"admin\",\"url\":\"http://example.com\",\"username\":\"admin\"}"
time="2024-11-11T08:44:52+07:00" level=info msg="Task scheduled: map[enabled:false end:1731289502 interval:2 is_recurring:true message:This task will be used for testing the flow. name:Task for Flow Test 6855 start:1731289492 task_id:19 url:http://example.com user_id:1]\n"
time="2024-11-11T08:44:52+07:00" level=info msg="Task created: map[message:Task scheduled successfully task:map[enabled:false end:1.731289502e+09 interval:2 is_recurring:true message:This task will be used for testing the flow. name:Task for Flow Test 6855 start:1.731289492e+09 task_id:19 url:http://example.com user_id:1]]"
time="2024-11-11T08:44:52+07:00" level=info msg="Task ID 19 for user ID 1 set to enabled: true\n"
time="2024-11-11T08:44:52+07:00" level=info msg="Response from setting task enabled: map[message:Task updated successfully task:map[enabled:true task_id:19]]"
time="2024-11-11T08:44:52+07:00" level=info msg="Received request to fetch tasks {\"token\":\"admin\",\"username\":\"admin\"}"
time="2024-11-11T08:44:52+07:00" level=info msg="Error parsing request body in fetchTasksHandler: Unprocessable Entity"
time="2024-11-11T08:44:53+07:00" level=info msg="Executing task ID 19: This task will be used for testing the flow. at 2024-11-11T08:44:53+07:00\n"
time="2024-11-11T08:44:53+07:00" level=info msg="Task ID 19 completed: Status 200 OK\n"
time="2024-11-11T08:44:53+07:00" level=info msg="Task ID 19 rescheduled to start at 1731289495\n"
time="2024-11-11T08:44:55+07:00" level=info msg="Executing task ID 19: This task will be used for testing the flow. at 2024-11-11T08:44:55+07:00\n"
time="2024-11-11T08:44:55+07:00" level=info msg="Task ID 19 completed: Status 200 OK\n"
time="2024-11-11T08:44:55+07:00" level=info msg="Task ID 19 rescheduled to start at 1731289497\n"
time="2024-11-11T08:44:57+07:00" level=info msg="Executing task ID 19: This task will be used for testing the flow. at 2024-11-11T08:44:57+07:00\n"
time="2024-11-11T08:44:57+07:00" level=info msg="Task ID 19 completed: Status 200 OK\n"
time="2024-11-11T08:44:57+07:00" level=info msg="Task ID 19 rescheduled to start at 1731289499\n"
time="2024-11-11T08:44:59+07:00" level=info msg="Executing task ID 19: This task will be used for testing the flow. at 2024-11-11T08:44:59+07:00\n"
time="2024-11-11T08:44:59+07:00" level=info msg="Task ID 19 completed: Status 200 OK\n"
time="2024-11-11T08:44:59+07:00" level=info msg="Task ID 19 rescheduled to start at 1731289501\n"
time="2024-11-11T08:45:01+07:00" level=info msg="Executing task ID 19: This task will be used for testing the flow. at 2024-11-11T08:45:01+07:00\n"
time="2024-11-11T08:45:01+07:00" level=info msg="Task ID 19 completed: Status 200 OK\n"
time="2024-11-11T08:45:01+07:00" level=info msg="Task ID 19 rescheduled to start at 1731289503\n"
time="2024-11-11T08:45:22+07:00" level=info msg="Task ID 19 for user ID 1 set to enabled: false\n"
time="2024-11-11T08:45:22+07:00" level=info msg="Response from setting task enabled: map[message:Task updated successfully task:map[enabled:false task_id:19]]"
time="2024-11-11T08:45:22+07:00" level=info msg="Received request to fetch tasks {\"token\":\"admin\",\"username\":\"admin\"}"
time="2024-11-11T08:45:22+07:00" level=info msg="Error parsing request body in fetchTasksHandler: Unprocessable Entity"
time="2024-11-11T08:51:06+07:00" level=info msg="Received request to schedule task {\"enabled\":false,\"end\":1731289876,\"interval\":2,\"is_recurring\":true,\"message\":\"This task will be used for testing the flow.\",\"name\":\"Task for Flow Test 5049\",\"start\":1731289866,\"token\":\"admin\",\"url\":\"http://example.com\",\"username\":\"admin\"}"
time="2024-11-11T08:51:06+07:00" level=info msg="Task scheduled: map[enabled:false end:1731289876 interval:2 is_recurring:true message:This task will be used for testing the flow. name:Task for Flow Test 5049 start:1731289866 task_id:20 url:http://example.com user_id:1]\n"
time="2024-11-11T08:51:06+07:00" level=info msg="Task created: map[message:Task scheduled successfully task:map[enabled:false end:1.731289876e+09 interval:2 is_recurring:true message:This task will be used for testing the flow. name:Task for Flow Test 5049 start:1.731289866e+09 task_id:20 url:http://example.com user_id:1]]"
time="2024-11-11T08:51:06+07:00" level=info msg="Task ID 20 for user ID 1 set to enabled: true\n"
time="2024-11-11T08:51:06+07:00" level=info msg="Response from setting task enabled: map[message:Task updated successfully task:map[enabled:true task_id:20]]"
time="2024-11-11T08:51:06+07:00" level=info msg="Received request to fetch tasks {\"token\":\"admin\",\"username\":\"admin\"}"
time="2024-11-11T08:51:06+07:00" level=info msg="Received request to fetch tasks for user: admin\n"
time="2024-11-11T08:51:06+07:00" level=info msg="User verified. User ID: 1\n"
time="2024-11-11T08:51:06+07:00" level=info msg="Task retrieved for user ID 1: {ID:18 UserID:0 Name:Task for Flow Test 2384 Message:This task will be used for testing the flow. URL:http://example.com Interval:2 Start:1731289253 End:1731289252 IsRecurring:true Enabled:false}\n"
time="2024-11-11T08:51:06+07:00" level=info msg="Task retrieved for user ID 1: {ID:20 UserID:0 Name:Task for Flow Test 5049 Message:This task will be used for testing the flow. URL:http://example.com Interval:2 Start:1731289866 End:1731289876 IsRecurring:true Enabled:true}\n"
time="2024-11-11T08:51:06+07:00" level=info msg="Task retrieved for user ID 1: {ID:19 UserID:0 Name:Task for Flow Test 6855 Message:This task will be used for testing the flow. URL:http://example.com Interval:2 Start:1731289503 End:1731289502 IsRecurring:true Enabled:false}\n"
time="2024-11-11T08:51:06+07:00" level=info msg="Task retrieved for user ID 1: {ID:17 UserID:0 Name:Task for Flow Test2 Message:This task will be used for testing the flow. URL:http://example.com Interval:2 Start:1731288845 End:1731288855 IsRecurring:true Enabled:false}\n"
time="2024-11-11T08:51:06+07:00" level=info msg="Total tasks retrieved for user ID 1: 4\n"
time="2024-11-11T08:51:06+07:00" level=info msg="Fetched tasks: [map[enabled:false end:1.731289252e+09 id:18 interval:2 is_recurring:true message:This task will be used for testing the flow. name:Task for Flow Test 2384 start:1.731289253e+09 url:http://example.com user_id:0] map[enabled:true end:1.731289876e+09 id:20 interval:2 is_recurring:true message:This task will be used for testing the flow. name:Task for Flow Test 5049 start:1.731289866e+09 url:http://example.com user_id:0] map[enabled:false end:1.731289502e+09 id:19 interval:2 is_recurring:true message:This task will be used for testing the flow. name:Task for Flow Test 6855 start:1.731289503e+09 url:http://example.com user_id:0] map[enabled:false end:1.731288855e+09 id:17 interval:2 is_recurring:true message:This task will be used for testing the flow. name:Task for Flow Test2 start:1.731288845e+09 url:http://example.com user_id:0]]"
time="2024-11-11T08:51:07+07:00" level=info msg="Executing task ID 20: This task will be used for testing the flow. at 2024-11-11T08:51:07+07:00\n"
time="2024-11-11T08:51:07+07:00" level=info msg="Task ID 20 completed: Status 200 OK\n"
time="2024-11-11T08:51:07+07:00" level=info msg="Task ID 20 rescheduled to start at 1731289869\n"
time="2024-11-11T08:51:09+07:00" level=info msg="Executing task ID 20: This task will be used for testing the flow. at 2024-11-11T08:51:09+07:00\n"
time="2024-11-11T08:51:09+07:00" level=info msg="Task ID 20 completed: Status 200 OK\n"
time="2024-11-11T08:51:09+07:00" level=info msg="Task ID 20 rescheduled to start at 1731289871\n"
time="2024-11-11T08:51:11+07:00" level=info msg="Executing task ID 20: This task will be used for testing the flow. at 2024-11-11T08:51:11+07:00\n"
time="2024-11-11T08:51:11+07:00" level=info msg="Task ID 20 completed: Status 200 OK\n"
time="2024-11-11T08:51:11+07:00" level=info msg="Task ID 20 rescheduled to start at 1731289873\n"
time="2024-11-11T08:51:13+07:00" level=info msg="Executing task ID 20: This task will be used for testing the flow. at 2024-11-11T08:51:13+07:00\n"
time="2024-11-11T08:51:13+07:00" level=info msg="Task ID 20 completed: Status 200 OK\n"
time="2024-11-11T08:51:13+07:00" level=info msg="Task ID 20 rescheduled to start at 1731289875\n"
time="2024-11-11T08:51:15+07:00" level=info msg="Executing task ID 20: This task will be used for testing the flow. at 2024-11-11T08:51:15+07:00\n"
time="2024-11-11T08:51:15+07:00" level=info msg="Task ID 20 completed: Status 200 OK\n"
time="2024-11-11T08:51:15+07:00" level=info msg="Task ID 20 rescheduled to start at 1731289877\n"
time="2024-11-11T08:51:36+07:00" level=info msg="Task ID 20 for user ID 1 set to enabled: false\n"
time="2024-11-11T08:51:36+07:00" level=info msg="Response from setting task enabled: map[message:Task updated successfully task:map[enabled:false task_id:20]]"
time="2024-11-11T08:51:36+07:00" level=info msg="Received request to fetch tasks {\"token\":\"admin\",\"username\":\"admin\"}"
time="2024-11-11T08:51:36+07:00" level=info msg="Received request to fetch tasks for user: admin\n"
time="2024-11-11T08:51:36+07:00" level=info msg="User verified. User ID: 1\n"
time="2024-11-11T08:51:36+07:00" level=info msg="Task retrieved for user ID 1: {ID:18 UserID:0 Name:Task for Flow Test 2384 Message:This task will be used for testing the flow. URL:http://example.com Interval:2 Start:1731289253 End:1731289252 IsRecurring:true Enabled:false}\n"
time="2024-11-11T08:51:36+07:00" level=info msg="Task retrieved for user ID 1: {ID:20 UserID:0 Name:Task for Flow Test 5049 Message:This task will be used for testing the flow. URL:http://example.com Interval:2 Start:1731289877 End:1731289876 IsRecurring:true Enabled:false}\n"
time="2024-11-11T08:51:36+07:00" level=info msg="Task retrieved for user ID 1: {ID:19 UserID:0 Name:Task for Flow Test 6855 Message:This task will be used for testing the flow. URL:http://example.com Interval:2 Start:1731289503 End:1731289502 IsRecurring:true Enabled:false}\n"
time="2024-11-11T08:51:36+07:00" level=info msg="Task retrieved for user ID 1: {ID:17 UserID:0 Name:Task for Flow Test2 Message:This task will be used for testing the flow. URL:http://example.com Interval:2 Start:1731288845 End:1731288855 IsRecurring:true Enabled:false}\n"
time="2024-11-11T08:51:36+07:00" level=info msg="Total tasks retrieved for user ID 1: 4\n"
time="2024-11-11T08:51:36+07:00" level=info msg="Fetched tasks: [map[enabled:false end:1.731289252e+09 id:18 interval:2 is_recurring:true message:This task will be used for testing the flow. name:Task for Flow Test 2384 start:1.731289253e+09 url:http://example.com user_id:0] map[enabled:false end:1.731289876e+09 id:20 interval:2 is_recurring:true message:This task will be used for testing the flow. name:Task for Flow Test 5049 start:1.731289877e+09 url:http://example.com user_id:0] map[enabled:false end:1.731289502e+09 id:19 interval:2 is_recurring:true message:This task will be used for testing the flow. name:Task for Flow Test 6855 start:1.731289503e+09 url:http://example.com user_id:0] map[enabled:false end:1.731288855e+09 id:17 interval:2 is_recurring:true message:This task will be used for testing the flow. name:Task for Flow Test2 start:1.731288845e+09 url:http://example.com user_id:0]]"
time="2024-11-11T08:55:39+07:00" level=info msg="Received request to schedule task {\"enabled\":false,\"end\":1731290149,\"interval\":2,\"is_recurring\":true,\"message\":\"This task will be used for testing the flow.\",\"name\":\"Task for Flow Test 7328\",\"start\":1731290139,\"token\":\"admin\",\"url\":\"http://example.com\",\"username\":\"admin\"}"
time="2024-11-11T08:55:39+07:00" level=info msg="Task scheduled: map[enabled:false end:1731290149 interval:2 is_recurring:true message:This task will be used for testing the flow. name:Task for Flow Test 7328 start:1731290139 task_id:21 url:http://example.com user_id:1]\n"
time="2024-11-11T08:55:39+07:00" level=info msg="Task created: map[message:Task scheduled successfully task:map[enabled:false end:1.731290149e+09 interval:2 is_recurring:true message:This task will be used for testing the flow. name:Task for Flow Test 7328 start:1.731290139e+09 task_id:21 url:http://example.com user_id:1]]"
time="2024-11-11T08:55:39+07:00" level=info msg="Task ID 21 for user ID 1 set to enabled: true\n"
time="2024-11-11T08:55:39+07:00" level=info msg="Response from setting task enabled: map[message:Task updated successfully task:map[enabled:true task_id:21]]"
time="2024-11-11T08:55:39+07:00" level=info msg="Received request to fetch tasks {\"token\":\"admin\",\"username\":\"admin\"}"
time="2024-11-11T08:55:39+07:00" level=info msg="Received request to fetch tasks for user: admin\n"
time="2024-11-11T08:55:39+07:00" level=info msg="User verified. User ID: 1\n"
time="2024-11-11T08:55:39+07:00" level=info msg="Task retrieved for user ID 1: {ID:18 UserID:0 Name:Task for Flow Test 2384 Message:This task will be used for testing the flow. URL:http://example.com Interval:2 Start:1731289253 End:1731289252 IsRecurring:true Enabled:false}\n"
time="2024-11-11T08:55:39+07:00" level=info msg="Task retrieved for user ID 1: {ID:20 UserID:0 Name:Task for Flow Test 5049 Message:This task will be used for testing the flow. URL:http://example.com Interval:2 Start:1731289877 End:1731289876 IsRecurring:true Enabled:false}\n"
time="2024-11-11T08:55:39+07:00" level=info msg="Task retrieved for user ID 1: {ID:19 UserID:0 Name:Task for Flow Test 6855 Message:This task will be used for testing the flow. URL:http://example.com Interval:2 Start:1731289503 End:1731289502 IsRecurring:true Enabled:false}\n"
time="2024-11-11T08:55:39+07:00" level=info msg="Task retrieved for user ID 1: {ID:21 UserID:0 Name:Task for Flow Test 7328 Message:This task will be used for testing the flow. URL:http://example.com Interval:2 Start:1731290139 End:1731290149 IsRecurring:true Enabled:true}\n"
time="2024-11-11T08:55:39+07:00" level=info msg="Task retrieved for user ID 1: {ID:17 UserID:0 Name:Task for Flow Test2 Message:This task will be used for testing the flow. URL:http://example.com Interval:2 Start:1731288845 End:1731288855 IsRecurring:true Enabled:false}\n"
time="2024-11-11T08:55:39+07:00" level=info msg="Total tasks retrieved for user ID 1: 5\n"
time="2024-11-11T08:55:39+07:00" level=info msg="Fetched tasks: [map[enabled:false end:1.731289252e+09 id:18 interval:2 is_recurring:true message:This task will be used for testing the flow. name:Task for Flow Test 2384 start:1.731289253e+09 url:http://example.com user_id:0] map[enabled:false end:1.731289876e+09 id:20 interval:2 is_recurring:true message:This task will be used for testing the flow. name:Task for Flow Test 5049 start:1.731289877e+09 url:http://example.com user_id:0] map[enabled:false end:1.731289502e+09 id:19 interval:2 is_recurring:true message:This task will be used for testing the flow. name:Task for Flow Test 6855 start:1.731289503e+09 url:http://example.com user_id:0] map[enabled:true end:1.731290149e+09 id:21 interval:2 is_recurring:true message:This task will be used for testing the flow. name:Task for Flow Test 7328 start:1.731290139e+09 url:http://example.com user_id:0] map[enabled:false end:1.731288855e+09 id:17 interval:2 is_recurring:true message:This task will be used for testing the flow. name:Task for Flow Test2 start:1.731288845e+09 url:http://example.com user_id:0]]"
time="2024-11-11T08:55:40+07:00" level=info msg="Executing task ID 21: This task will be used for testing the flow. at 2024-11-11T08:55:40+07:00\n"
time="2024-11-11T08:55:40+07:00" level=info msg="Task ID 21 completed: Status 200 OK\n"
time="2024-11-11T08:55:40+07:00" level=info msg="Task ID 21 rescheduled to start at 1731290142\n"
time="2024-11-11T08:55:42+07:00" level=info msg="Executing task ID 21: This task will be used for testing the flow. at 2024-11-11T08:55:42+07:00\n"
time="2024-11-11T08:55:42+07:00" level=info msg="Task ID 21 completed: Status 200 OK\n"
time="2024-11-11T08:55:42+07:00" level=info msg="Task ID 21 rescheduled to start at 1731290144\n"
time="2024-11-11T08:55:44+07:00" level=info msg="Executing task ID 21: This task will be used for testing the flow. at 2024-11-11T08:55:44+07:00\n"
time="2024-11-11T08:55:44+07:00" level=info msg="Task ID 21 completed: Status 200 OK\n"
time="2024-11-11T08:55:44+07:00" level=info msg="Task ID 21 rescheduled to start at 1731290146\n"
time="2024-11-11T08:55:46+07:00" level=info msg="Executing task ID 21: This task will be used for testing the flow. at 2024-11-11T08:55:46+07:00\n"
time="2024-11-11T08:55:46+07:00" level=info msg="Task ID 21 completed: Status 200 OK\n"
time="2024-11-11T08:55:46+07:00" level=info msg="Task ID 21 rescheduled to start at 1731290148\n"
time="2024-11-11T08:55:48+07:00" level=info msg="Executing task ID 21: This task will be used for testing the flow. at 2024-11-11T08:55:48+07:00\n"
time="2024-11-11T08:55:48+07:00" level=info msg="Task ID 21 completed: Status 200 OK\n"
time="2024-11-11T08:55:48+07:00" level=info msg="Task ID 21 rescheduled to start at 1731290150\n"
time="2024-11-11T08:56:09+07:00" level=info msg="Task ID 21 for user ID 1 set to enabled: false\n"
time="2024-11-11T08:56:09+07:00" level=info msg="Response from setting task enabled: map[message:Task updated successfully task:map[enabled:false task_id:21]]"
time="2024-11-11T08:56:09+07:00" level=info msg="Received request to fetch tasks {\"token\":\"admin\",\"username\":\"admin\"}"
time="2024-11-11T08:56:09+07:00" level=info msg="Received request to fetch tasks for user: admin\n"
time="2024-11-11T08:56:09+07:00" level=info msg="User verified. User ID: 1\n"
time="2024-11-11T08:56:09+07:00" level=info msg="Task retrieved for user ID 1: {ID:18 UserID:0 Name:Task for Flow Test 2384 Message:This task will be used for testing the flow. URL:http://example.com Interval:2 Start:1731289253 End:1731289252 IsRecurring:true Enabled:false}\n"
time="2024-11-11T08:56:09+07:00" level=info msg="Task retrieved for user ID 1: {ID:20 UserID:0 Name:Task for Flow Test 5049 Message:This task will be used for testing the flow. URL:http://example.com Interval:2 Start:1731289877 End:1731289876 IsRecurring:true Enabled:false}\n"
time="2024-11-11T08:56:09+07:00" level=info msg="Task retrieved for user ID 1: {ID:19 UserID:0 Name:Task for Flow Test 6855 Message:This task will be used for testing the flow. URL:http://example.com Interval:2 Start:1731289503 End:1731289502 IsRecurring:true Enabled:false}\n"
time="2024-11-11T08:56:09+07:00" level=info msg="Task retrieved for user ID 1: {ID:21 UserID:0 Name:Task for Flow Test 7328 Message:This task will be used for testing the flow. URL:http://example.com Interval:2 Start:1731290150 End:1731290149 IsRecurring:true Enabled:false}\n"
time="2024-11-11T08:56:09+07:00" level=info msg="Task retrieved for user ID 1: {ID:17 UserID:0 Name:Task for Flow Test2 Message:This task will be used for testing the flow. URL:http://example.com Interval:2 Start:1731288845 End:1731288855 IsRecurring:true Enabled:false}\n"
time="2024-11-11T08:56:09+07:00" level=info msg="Total tasks retrieved for user ID 1: 5\n"
time="2024-11-11T08:56:09+07:00" level=info msg="Fetched tasks: [map[enabled:false end:1.731289252e+09 id:18 interval:2 is_recurring:true message:This task will be used for testing the flow. name:Task for Flow Test 2384 start:1.731289253e+09 url:http://example.com user_id:0] map[enabled:false end:1.731289876e+09 id:20 interval:2 is_recurring:true message:This task will be used for testing the flow. name:Task for Flow Test 5049 start:1.731289877e+09 url:http://example.com user_id:0] map[enabled:false end:1.731289502e+09 id:19 interval:2 is_recurring:true message:This task will be used for testing the flow. name:Task for Flow Test 6855 start:1.731289503e+09 url:http://example.com user_id:0] map[enabled:false end:1.731290149e+09 id:21 interval:2 is_recurring:true message:This task will be used for testing the flow. name:Task for Flow Test 7328 start:1.73129015e+09 url:http://example.com user_id:0] map[enabled:false end:1.731288855e+09 id:17 interval:2 is_recurring:true message:This task will be used for testing the flow. name:Task for Flow Test2 start:1.731288845e+09 url:http://example.com user_id:0]]"
time="2024-11-11T08:56:09+07:00" level=info msg="Request Info" latency="23.893µs" method=DELETE path=/api/tasks/delete status=200
time="2024-11-11T08:56:41+07:00" level=info msg="Received request to schedule task {\"enabled\":false,\"end\":1731290211,\"interval\":2,\"is_recurring\":true,\"message\":\"This task will be used for testing the flow.\",\"name\":\"Task for Flow Test 3208\",\"start\":1731290201,\"token\":\"admin\",\"url\":\"http://example.com\",\"username\":\"admin\"}"
time="2024-11-11T08:56:41+07:00" level=info msg="Task scheduled: map[enabled:false end:1731290211 interval:2 is_recurring:true message:This task will be used for testing the flow. name:Task for Flow Test 3208 start:1731290201 task_id:22 url:http://example.com user_id:1]\n"
time="2024-11-11T08:56:41+07:00" level=info msg="Task created: map[message:Task scheduled successfully task:map[enabled:false end:1.731290211e+09 interval:2 is_recurring:true message:This task will be used for testing the flow. name:Task for Flow Test 3208 start:1.731290201e+09 task_id:22 url:http://example.com user_id:1]]"
time="2024-11-11T08:56:41+07:00" level=info msg="Task ID 22 for user ID 1 set to enabled: true\n"
time="2024-11-11T08:56:41+07:00" level=info msg="Response from setting task enabled: map[message:Task updated successfully task:map[enabled:true task_id:22]]"
time="2024-11-11T08:56:41+07:00" level=info msg="Received request to fetch tasks {\"token\":\"admin\",\"username\":\"admin\"}"
time="2024-11-11T08:56:41+07:00" level=info msg="Received request to fetch tasks for user: admin\n"
time="2024-11-11T08:56:41+07:00" level=info msg="User verified. User ID: 1\n"
time="2024-11-11T08:56:41+07:00" level=info msg="Task retrieved for user ID 1: {ID:18 UserID:0 Name:Task for Flow Test 2384 Message:This task will be used for testing the flow. URL:http://example.com Interval:2 Start:1731289253 End:1731289252 IsRecurring:true Enabled:false}\n"
time="2024-11-11T08:56:41+07:00" level=info msg="Task retrieved for user ID 1: {ID:22 UserID:0 Name:Task for Flow Test 3208 Message:This task will be used for testing the flow. URL:http://example.com Interval:2 Start:1731290201 End:1731290211 IsRecurring:true Enabled:true}\n"
time="2024-11-11T08:56:41+07:00" level=info msg="Task retrieved for user ID 1: {ID:20 UserID:0 Name:Task for Flow Test 5049 Message:This task will be used for testing the flow. URL:http://example.com Interval:2 Start:1731289877 End:1731289876 IsRecurring:true Enabled:false}\n"
time="2024-11-11T08:56:41+07:00" level=info msg="Task retrieved for user ID 1: {ID:19 UserID:0 Name:Task for Flow Test 6855 Message:This task will be used for testing the flow. URL:http://example.com Interval:2 Start:1731289503 End:1731289502 IsRecurring:true Enabled:false}\n"
time="2024-11-11T08:56:41+07:00" level=info msg="Task retrieved for user ID 1: {ID:21 UserID:0 Name:Task for Flow Test 7328 Message:This task will be used for testing the flow. URL:http://example.com Interval:2 Start:1731290150 End:1731290149 IsRecurring:true Enabled:false}\n"
time="2024-11-11T08:56:41+07:00" level=info msg="Task retrieved for user ID 1: {ID:17 UserID:0 Name:Task for Flow Test2 Message:This task will be used for testing the flow. URL:http://example.com Interval:2 Start:1731288845 End:1731288855 IsRecurring:true Enabled:false}\n"
time="2024-11-11T08:56:41+07:00" level=info msg="Total tasks retrieved for user ID 1: 6\n"
time="2024-11-11T08:56:41+07:00" level=info msg="Fetched tasks: [map[enabled:false end:1.731289252e+09 id:18 interval:2 is_recurring:true message:This task will be used for testing the flow. name:Task for Flow Test 2384 start:1.731289253e+09 url:http://example.com user_id:0] map[enabled:true end:1.731290211e+09 id:22 interval:2 is_recurring:true message:This task will be used for testing the flow. name:Task for Flow Test 3208 start:1.731290201e+09 url:http://example.com user_id:0] map[enabled:false end:1.731289876e+09 id:20 interval:2 is_recurring:true message:This task will be used for testing the flow. name:Task for Flow Test 5049 start:1.731289877e+09 url:http://example.com user_id:0] map[enabled:false end:1.731289502e+09 id:19 interval:2 is_recurring:true message:This task will be used for testing the flow. name:Task for Flow Test 6855 start:1.731289503e+09 url:http://example.com user_id:0] map[enabled:false end:1.731290149e+09 id:21 interval:2 is_recurring:true message:This task will be used for testing the flow. name:Task for Flow Test 7328 start:1.73129015e+09 url:http://example.com user_id:0] map[enabled:false end:1.731288855e+09 id:17 interval:2 is_recurring:true message:This task will be used for testing the flow. name:Task for Flow Test2 start:1.731288845e+09 url:http://example.com user_id:0]]"
time="2024-11-11T08:56:42+07:00" level=info msg="Executing task ID 22: This task will be used for testing the flow. at 2024-11-11T08:56:42+07:00\n"
time="2024-11-11T08:56:43+07:00" level=info msg="Task ID 22 completed: Status 200 OK\n"
time="2024-11-11T08:56:43+07:00" level=info msg="Task ID 22 rescheduled to start at 1731290205\n"
time="2024-11-11T08:56:45+07:00" level=info msg="Executing task ID 22: This task will be used for testing the flow. at 2024-11-11T08:56:45+07:00\n"
time="2024-11-11T08:56:46+07:00" level=info msg="Task ID 22 completed: Status 200 OK\n"
time="2024-11-11T08:56:46+07:00" level=info msg="Task ID 22 rescheduled to start at 1731290208\n"
time="2024-11-11T08:56:48+07:00" level=info msg="Executing task ID 22: This task will be used for testing the flow. at 2024-11-11T08:56:48+07:00\n"
time="2024-11-11T08:56:49+07:00" level=info msg="Task ID 22 completed: Status 200 OK\n"
time="2024-11-11T08:56:49+07:00" level=info msg="Task ID 22 rescheduled to start at 1731290211\n"
time="2024-11-11T08:56:51+07:00" level=info msg="Executing task ID 22: This task will be used for testing the flow. at 2024-11-11T08:56:51+07:00\n"
time="2024-11-11T08:56:52+07:00" level=info msg="Task ID 22 completed: Status 200 OK\n"
time="2024-11-11T08:56:52+07:00" level=info msg="Task ID 22 rescheduled to start at 1731290214\n"
time="2024-11-11T08:57:11+07:00" level=info msg="Task ID 22 for user ID 1 set to enabled: false\n"
time="2024-11-11T08:57:11+07:00" level=info msg="Response from setting task enabled: map[message:Task updated successfully task:map[enabled:false task_id:22]]"
time="2024-11-11T08:57:11+07:00" level=info msg="Received request to fetch tasks {\"token\":\"admin\",\"username\":\"admin\"}"
time="2024-11-11T08:57:11+07:00" level=info msg="Received request to fetch tasks for user: admin\n"
time="2024-11-11T08:57:11+07:00" level=info msg="User verified. User ID: 1\n"
time="2024-11-11T08:57:11+07:00" level=info msg="Task retrieved for user ID 1: {ID:18 UserID:0 Name:Task for Flow Test 2384 Message:This task will be used for testing the flow. URL:http://example.com Interval:2 Start:1731289253 End:1731289252 IsRecurring:true Enabled:false}\n"
time="2024-11-11T08:57:11+07:00" level=info msg="Task retrieved for user ID 1: {ID:22 UserID:0 Name:Task for Flow Test 3208 Message:This task will be used for testing the flow. URL:http://example.com Interval:2 Start:1731290214 End:1731290211 IsRecurring:true Enabled:false}\n"
time="2024-11-11T08:57:11+07:00" level=info msg="Task retrieved for user ID 1: {ID:20 UserID:0 Name:Task for Flow Test 5049 Message:This task will be used for testing the flow. URL:http://example.com Interval:2 Start:1731289877 End:1731289876 IsRecurring:true Enabled:false}\n"
time="2024-11-11T08:57:11+07:00" level=info msg="Task retrieved for user ID 1: {ID:19 UserID:0 Name:Task for Flow Test 6855 Message:This task will be used for testing the flow. URL:http://example.com Interval:2 Start:1731289503 End:1731289502 IsRecurring:true Enabled:false}\n"
time="2024-11-11T08:57:11+07:00" level=info msg="Task retrieved for user ID 1: {ID:21 UserID:0 Name:Task for Flow Test 7328 Message:This task will be used for testing the flow. URL:http://example.com Interval:2 Start:1731290150 End:1731290149 IsRecurring:true Enabled:false}\n"
time="2024-11-11T08:57:11+07:00" level=info msg="Task retrieved for user ID 1: {ID:17 UserID:0 Name:Task for Flow Test2 Message:This task will be used for testing the flow. URL:http://example.com Interval:2 Start:1731288845 End:1731288855 IsRecurring:true Enabled:false}\n"
time="2024-11-11T08:57:11+07:00" level=info msg="Total tasks retrieved for user ID 1: 6\n"
time="2024-11-11T08:57:11+07:00" level=info msg="Fetched tasks: [map[enabled:false end:1.731289252e+09 id:18 interval:2 is_recurring:true message:This task will be used for testing the flow. name:Task for Flow Test 2384 start:1.731289253e+09 url:http://example.com user_id:0] map[enabled:false end:1.731290211e+09 id:22 interval:2 is_recurring:true message:This task will be used for testing the flow. name:Task for Flow Test 3208 start:1.731290214e+09 url:http://example.com user_id:0] map[enabled:false end:1.731289876e+09 id:20 interval:2 is_recurring:true message:This task will be used for testing the flow. name:Task for Flow Test 5049 start:1.731289877e+09 url:http://example.com user_id:0] map[enabled:false end:1.731289502e+09 id:19 interval:2 is_recurring:true message:This task will be used for testing the flow. name:Task for Flow Test 6855 start:1.731289503e+09 url:http://example.com user_id:0] map[enabled:false end:1.731290149e+09 id:21 interval:2 is_recurring:true message:This task will be used for testing the flow. name:Task for Flow Test 7328 start:1.73129015e+09 url:http://example.com user_id:0] map[enabled:false end:1.731288855e+09 id:17 interval:2 is_recurring:true message:This task will be used for testing the flow. name:Task for Flow Test2 start:1.731288845e+09 url:http://example.com user_id:0]]"
time="2024-11-11T08:57:11+07:00" level=info msg="Request Info" latency="52.645µs" method=DELETE path=/api/tasks/delete status=200
time="2024-11-11T09:00:42+07:00" level=info msg="Received request to schedule task {\"enabled\":false,\"end\":1731290452,\"interval\":2,\"is_recurring\":true,\"message\":\"This task will be used for testing the flow.\",\"name\":\"Task for Flow Test 8896\",\"start\":1731290442,\"token\":\"admin\",\"url\":\"http://example.com\",\"username\":\"admin\"}"
time="2024-11-11T09:00:42+07:00" level=info msg="Task scheduled: map[enabled:false end:1731290452 interval:2 is_recurring:true message:This task will be used for testing the flow. name:Task for Flow Test 8896 start:1731290442 task_id:23 url:http://example.com user_id:1]\n"
time="2024-11-11T09:00:42+07:00" level=info msg="Task created: map[message:Task scheduled successfully task:map[enabled:false end:1.731290452e+09 interval:2 is_recurring:true message:This task will be used for testing the flow. name:Task for Flow Test 8896 start:1.731290442e+09 task_id:23 url:http://example.com user_id:1]]"
time="2024-11-11T09:00:42+07:00" level=info msg="Request Info" latency="13.786µs" method=DELETE path=/api/tasks/delete status=200
time="2024-11-11T09:01:11+07:00" level=info msg="Received request to schedule task {\"enabled\":false,\"end\":1731290481,\"interval\":2,\"is_recurring\":true,\"message\":\"This task will be used for testing the flow.\",\"name\":\"Task for Flow Test 6761\",\"start\":1731290471,\"token\":\"admin\",\"url\":\"http://example.com\",\"username\":\"admin\"}"
time="2024-11-11T09:01:11+07:00" level=info msg="Task scheduled: map[enabled:false end:1731290481 interval:2 is_recurring:true message:This task will be used for testing the flow. name:Task for Flow Test 6761 start:1731290471 task_id:24 url:http://example.com user_id:1]\n"
time="2024-11-11T09:01:11+07:00" level=info msg="Task created: map[message:Task scheduled successfully task:map[enabled:false end:1.731290481e+09 interval:2 is_recurring:true message:This task will be used for testing the flow. name:Task for Flow Test 6761 start:1.731290471e+09 task_id:24 url:http://example.com user_id:1]]"
time="2024-11-11T09:01:11+07:00" level=info msg="Request Info" latency="21.578µs" method=DELETE path=/api/tasks/delete/ status=200
time="2024-11-11T09:01:34+07:00" level=info msg="Received request to schedule task {\"enabled\":false,\"end\":1731290504,\"interval\":2,\"is_recurring\":true,\"message\":\"This task will be used for testing the flow.\",\"name\":\"Task for Flow Test 8815\",\"start\":1731290494,\"token\":\"admin\",\"url\":\"http://example.com\",\"username\":\"admin\"}"
time="2024-11-11T09:01:34+07:00" level=info msg="Task scheduled: map[enabled:false end:1731290504 interval:2 is_recurring:true message:This task will be used for testing the flow. name:Task for Flow Test 8815 start:1731290494 task_id:25 url:http://example.com user_id:1]\n"
time="2024-11-11T09:01:34+07:00" level=info msg="Task created: map[message:Task scheduled successfully task:map[enabled:false end:1.731290504e+09 interval:2 is_recurring:true message:This task will be used for testing the flow. name:Task for Flow Test 8815 start:1.731290494e+09 task_id:25 url:http://example.com user_id:1]]"
time="2024-11-11T09:01:34+07:00" level=info msg="Request Info" latency="12.929µs" method=DELETE path=/api/tasks/delete status=200
time="2024-11-11T09:02:05+07:00" level=info msg="Received request to schedule task {\"enabled\":false,\"end\":1731290535,\"interval\":2,\"is_recurring\":true,\"message\":\"This task will be used for testing the flow.\",\"name\":\"Task for Flow Test 8644\",\"start\":1731290525,\"token\":\"admin\",\"url\":\"http://example.com\",\"username\":\"admin\"}"
time="2024-11-11T09:02:05+07:00" level=info msg="Task scheduled: map[enabled:false end:1731290535 interval:2 is_recurring:true message:This task will be used for testing the flow. name:Task for Flow Test 8644 start:1731290525 task_id:26 url:http://example.com user_id:1]\n"
time="2024-11-11T09:02:05+07:00" level=info msg="Task created: map[message:Task scheduled successfully task:map[enabled:false end:1.731290535e+09 interval:2 is_recurring:true message:This task will be used for testing the flow. name:Task for Flow Test 8644 start:1.731290525e+09 task_id:26 url:http://example.com user_id:1]]"
time="2024-11-11T09:02:05+07:00" level=info msg="Request Info" latency="19.622µs" method=DELETE path=/api/tasks/delete status=200
time="2024-11-11T09:02:43+07:00" level=info msg="Received request to schedule task {\"enabled\":false,\"end\":1731290573,\"interval\":2,\"is_recurring\":true,\"message\":\"This task will be used for testing the flow.\",\"name\":\"Task for Flow Test 3521\",\"start\":1731290563,\"token\":\"admin\",\"url\":\"http://example.com\",\"username\":\"admin\"}"
time="2024-11-11T09:02:43+07:00" level=info msg="Task scheduled: map[enabled:false end:1731290573 interval:2 is_recurring:true message:This task will be used for testing the flow. name:Task for Flow Test 3521 start:1731290563 task_id:27 url:http://example.com user_id:1]\n"
time="2024-11-11T09:02:43+07:00" level=info msg="Task created: map[message:Task scheduled successfully task:map[enabled:false end:1.731290573e+09 interval:2 is_recurring:true message:This task will be used for testing the flow. name:Task for Flow Test 3521 start:1.731290563e+09 task_id:27 url:http://example.com user_id:1]]"
time="2024-11-11T09:02:43+07:00" level=info msg="Received request to delete task {\"task_id\":27,\"token\":\"admin\",\"username\":\"admin\"}"
time="2024-11-11T09:02:43+07:00" level=info msg="Task ID 27 deleted for user ID 1\n"
time="2024-11-11T09:02:43+07:00" level=info msg="Response from delete task: map[message:Task deleted successfully]"
time="2024-11-11T09:02:59+07:00" level=info msg="Received request to schedule task {\"enabled\":false,\"end\":1731290589,\"interval\":2,\"is_recurring\":true,\"message\":\"This task will be used for testing the flow.\",\"name\":\"Task for Flow Test 7831\",\"start\":1731290579,\"token\":\"admin\",\"url\":\"http://example.com\",\"username\":\"admin\"}"
time="2024-11-11T09:02:59+07:00" level=info msg="Task scheduled: map[enabled:false end:1731290589 interval:2 is_recurring:true message:This task will be used for testing the flow. name:Task for Flow Test 7831 start:1731290579 task_id:28 url:http://example.com user_id:1]\n"
time="2024-11-11T09:02:59+07:00" level=info msg="Task created: map[message:Task scheduled successfully task:map[enabled:false end:1.731290589e+09 interval:2 is_recurring:true message:This task will be used for testing the flow. name:Task for Flow Test 7831 start:1.731290579e+09 task_id:28 url:http://example.com user_id:1]]"
time="2024-11-11T09:02:59+07:00" level=info msg="Task ID 28 for user ID 1 set to enabled: true\n"
time="2024-11-11T09:02:59+07:00" level=info msg="Response from setting task enabled: map[message:Task updated successfully task:map[enabled:true task_id:28]]"
time="2024-11-11T09:02:59+07:00" level=info msg="Received request to fetch tasks {\"token\":\"admin\",\"username\":\"admin\"}"
time="2024-11-11T09:02:59+07:00" level=info msg="Received request to fetch tasks for user: admin\n"
time="2024-11-11T09:02:59+07:00" level=info msg="User verified. User ID: 1\n"
time="2024-11-11T09:02:59+07:00" level=info msg="Task retrieved for user ID 1: {ID:18 UserID:0 Name:Task for Flow Test 2384 Message:This task will be used for testing the flow. URL:http://example.com Interval:2 Start:1731289253 End:1731289252 IsRecurring:true Enabled:false}\n"
time="2024-11-11T09:02:59+07:00" level=info msg="Task retrieved for user ID 1: {ID:22 UserID:0 Name:Task for Flow Test 3208 Message:This task will be used for testing the flow. URL:http://example.com Interval:2 Start:1731290214 End:1731290211 IsRecurring:true Enabled:false}\n"
time="2024-11-11T09:02:59+07:00" level=info msg="Task retrieved for user ID 1: {ID:20 UserID:0 Name:Task for Flow Test 5049 Message:This task will be used for testing the flow. URL:http://example.com Interval:2 Start:1731289877 End:1731289876 IsRecurring:true Enabled:false}\n"
time="2024-11-11T09:02:59+07:00" level=info msg="Task retrieved for user ID 1: {ID:24 UserID:0 Name:Task for Flow Test 6761 Message:This task will be used for testing the flow. URL:http://example.com Interval:2 Start:1731290471 End:1731290481 IsRecurring:true Enabled:false}\n"
time="2024-11-11T09:02:59+07:00" level=info msg="Task retrieved for user ID 1: {ID:19 UserID:0 Name:Task for Flow Test 6855 Message:This task will be used for testing the flow. URL:http://example.com Interval:2 Start:1731289503 End:1731289502 IsRecurring:true Enabled:false}\n"
time="2024-11-11T09:02:59+07:00" level=info msg="Task retrieved for user ID 1: {ID:21 UserID:0 Name:Task for Flow Test 7328 Message:This task will be used for testing the flow. URL:http://example.com Interval:2 Start:1731290150 End:1731290149 IsRecurring:true Enabled:false}\n"
time="2024-11-11T09:02:59+07:00" level=info msg="Task retrieved for user ID 1: {ID:28 UserID:0 Name:Task for Flow Test 7831 Message:This task will be used for testing the flow. URL:http://example.com Interval:2 Start:1731290579 End:1731290589 IsRecurring:true Enabled:true}\n"
time="2024-11-11T09:02:59+07:00" level=info msg="Task retrieved for user ID 1: {ID:26 UserID:0 Name:Task for Flow Test 8644 Message:This task will be used for testing the flow. URL:http://example.com Interval:2 Start:1731290525 End:1731290535 IsRecurring:true Enabled:false}\n"
time="2024-11-11T09:02:59+07:00" level=info msg="Task retrieved for user ID 1: {ID:25 UserID:0 Name:Task for Flow Test 8815 Message:This task will be used for testing the flow. URL:http://example.com Interval:2 Start:1731290494 End:1731290504 IsRecurring:true Enabled:false}\n"
time="2024-11-11T09:02:59+07:00" level=info msg="Task retrieved for user ID 1: {ID:23 UserID:0 Name:Task for Flow Test 8896 Message:This task will be used for testing the flow. URL:http://example.com Interval:2 Start:1731290442 End:1731290452 IsRecurring:true Enabled:false}\n"
time="2024-11-11T09:02:59+07:00" level=info msg="Task retrieved for user ID 1: {ID:17 UserID:0 Name:Task for Flow Test2 Message:This task will be used for testing the flow. URL:http://example.com Interval:2 Start:1731288845 End:1731288855 IsRecurring:true Enabled:false}\n"
time="2024-11-11T09:02:59+07:00" level=info msg="Total tasks retrieved for user ID 1: 11\n"
time="2024-11-11T09:02:59+07:00" level=info msg="Fetched tasks: [map[enabled:false end:1.731289252e+09 id:18 interval:2 is_recurring:true message:This task will be used for testing the flow. name:Task for Flow Test 2384 start:1.731289253e+09 url:http://example.com user_id:0] map[enabled:false end:1.731290211e+09 id:22 interval:2 is_recurring:true message:This task will be used for testing the flow. name:Task for Flow Test 3208 start:1.731290214e+09 url:http://example.com user_id:0] map[enabled:false end:1.731289876e+09 id:20 interval:2 is_recurring:true message:This task will be used for testing the flow. name:Task for Flow Test 5049 start:1.731289877e+09 url:http://example.com user_id:0] map[enabled:false end:1.731290481e+09 id:24 interval:2 is_recurring:true message:This task will be used for testing the flow. name:Task for Flow Test 6761 start:1.731290471e+09 url:http://example.com user_id:0] map[enabled:false end:1.731289502e+09 id:19 interval:2 is_recurring:true message:This task will be used for testing the flow. name:Task for Flow Test 6855 start:1.731289503e+09 url:http://example.com user_id:0] map[enabled:false end:1.731290149e+09 id:21 interval:2 is_recurring:true message:This task will be used for testing the flow. name:Task for Flow Test 7328 start:1.73129015e+09 url:http://example.com user_id:0] map[enabled:true end:1.731290589e+09 id:28 interval:2 is_recurring:true message:This task will be used for testing the flow. name:Task for Flow Test 7831 start:1.731290579e+09 url:http://example.com user_id:0] map[enabled:false end:1.731290535e+09 id:26 interval:2 is_recurring:true message:This task will be used for testing the flow. name:Task for Flow Test 8644 start:1.731290525e+09 url:http://example.com user_id:0] map[enabled:false end:1.731290504e+09 id:25 interval:2 is_recurring:true message:This task will be used for testing the flow. name:Task for Flow Test 8815 start:1.731290494e+09 url:http://example.com user_id:0] map[enabled:false end:1.731290452e+09 id:23 interval:2 is_recurring:true message:This task will be used for testing the flow. name:Task for Flow Test 8896 start:1.731290442e+09 url:http://example.com user_id:0] map[enabled:false end:1.731288855e+09 id:17 interval:2 is_recurring:true message:This task will be used for testing the flow. name:Task for Flow Test2 start:1.731288845e+09 url:http://example.com user_id:0]]"
time="2024-11-11T09:03:00+07:00" level=info msg="Executing task ID 28: This task will be used for testing the flow. at 2024-11-11T09:03:00+07:00\n"
time="2024-11-11T09:03:01+07:00" level=info msg="Task ID 28 completed: Status 200 OK\n"
time="2024-11-11T09:03:01+07:00" level=info msg="Task ID 28 rescheduled to start at 1731290583\n"
time="2024-11-11T09:03:03+07:00" level=info msg="Executing task ID 28: This task will be used for testing the flow. at 2024-11-11T09:03:03+07:00\n"
time="2024-11-11T09:03:04+07:00" level=info msg="Task ID 28 completed: Status 200 OK\n"
time="2024-11-11T09:03:04+07:00" level=info msg="Task ID 28 rescheduled to start at 1731290586\n"
time="2024-11-11T09:03:06+07:00" level=info msg="Executing task ID 28: This task will be used for testing the flow. at 2024-11-11T09:03:06+07:00\n"
time="2024-11-11T09:03:07+07:00" level=info msg="Task ID 28 completed: Status 200 OK\n"
time="2024-11-11T09:03:07+07:00" level=info msg="Task ID 28 rescheduled to start at 1731290589\n"
time="2024-11-11T09:03:09+07:00" level=info msg="Executing task ID 28: This task will be used for testing the flow. at 2024-11-11T09:03:09+07:00\n"
time="2024-11-11T09:03:10+07:00" level=info msg="Task ID 28 completed: Status 200 OK\n"
time="2024-11-11T09:03:10+07:00" level=info msg="Task ID 28 rescheduled to start at 1731290592\n"
time="2024-11-11T09:03:29+07:00" level=info msg="Task ID 28 for user ID 1 set to enabled: false\n"
time="2024-11-11T09:03:29+07:00" level=info msg="Response from setting task enabled: map[message:Task updated successfully task:map[enabled:false task_id:28]]"
time="2024-11-11T09:03:29+07:00" level=info msg="Received request to fetch tasks {\"token\":\"admin\",\"username\":\"admin\"}"
time="2024-11-11T09:03:29+07:00" level=info msg="Received request to fetch tasks for user: admin\n"
time="2024-11-11T09:03:29+07:00" level=info msg="User verified. User ID: 1\n"
time="2024-11-11T09:03:29+07:00" level=info msg="Task retrieved for user ID 1: {ID:18 UserID:0 Name:Task for Flow Test 2384 Message:This task will be used for testing the flow. URL:http://example.com Interval:2 Start:1731289253 End:1731289252 IsRecurring:true Enabled:false}\n"
time="2024-11-11T09:03:29+07:00" level=info msg="Task retrieved for user ID 1: {ID:22 UserID:0 Name:Task for Flow Test 3208 Message:This task will be used for testing the flow. URL:http://example.com Interval:2 Start:1731290214 End:1731290211 IsRecurring:true Enabled:false}\n"
time="2024-11-11T09:03:29+07:00" level=info msg="Task retrieved for user ID 1: {ID:20 UserID:0 Name:Task for Flow Test 5049 Message:This task will be used for testing the flow. URL:http://example.com Interval:2 Start:1731289877 End:1731289876 IsRecurring:true Enabled:false}\n"
time="2024-11-11T09:03:29+07:00" level=info msg="Task retrieved for user ID 1: {ID:24 UserID:0 Name:Task for Flow Test 6761 Message:This task will be used for testing the flow. URL:http://example.com Interval:2 Start:1731290471 End:1731290481 IsRecurring:true Enabled:false}\n"
time="2024-11-11T09:03:29+07:00" level=info msg="Task retrieved for user ID 1: {ID:19 UserID:0 Name:Task for Flow Test 6855 Message:This task will be used for testing the flow. URL:http://example.com Interval:2 Start:1731289503 End:1731289502 IsRecurring:true Enabled:false}\n"
time="2024-11-11T09:03:29+07:00" level=info msg="Task retrieved for user ID 1: {ID:21 UserID:0 Name:Task for Flow Test 7328 Message:This task will be used for testing the flow. URL:http://example.com Interval:2 Start:1731290150 End:1731290149 IsRecurring:true Enabled:false}\n"
time="2024-11-11T09:03:29+07:00" level=info msg="Task retrieved for user ID 1: {ID:28 UserID:0 Name:Task for Flow Test 7831 Message:This task will be used for testing the flow. URL:http://example.com Interval:2 Start:1731290592 End:1731290589 IsRecurring:true Enabled:false}\n"
time="2024-11-11T09:03:29+07:00" level=info msg="Task retrieved for user ID 1: {ID:26 UserID:0 Name:Task for Flow Test 8644 Message:This task will be used for testing the flow. URL:http://example.com Interval:2 Start:1731290525 End:1731290535 IsRecurring:true Enabled:false}\n"
time="2024-11-11T09:03:29+07:00" level=info msg="Task retrieved for user ID 1: {ID:25 UserID:0 Name:Task for Flow Test 8815 Message:This task will be used for testing the flow. URL:http://example.com Interval:2 Start:1731290494 End:1731290504 IsRecurring:true Enabled:false}\n"
time="2024-11-11T09:03:29+07:00" level=info msg="Task retrieved for user ID 1: {ID:23 UserID:0 Name:Task for Flow Test 8896 Message:This task will be used for testing the flow. URL:http://example.com Interval:2 Start:1731290442 End:1731290452 IsRecurring:true Enabled:false}\n"
time="2024-11-11T09:03:29+07:00" level=info msg="Task retrieved for user ID 1: {ID:17 UserID:0 Name:Task for Flow Test2 Message:This task will be used for testing the flow. URL:http://example.com Interval:2 Start:1731288845 End:1731288855 IsRecurring:true Enabled:false}\n"
time="2024-11-11T09:03:29+07:00" level=info msg="Total tasks retrieved for user ID 1: 11\n"
time="2024-11-11T09:03:29+07:00" level=info msg="Fetched tasks: [map[enabled:false end:1.731289252e+09 id:18 interval:2 is_recurring:true message:This task will be used for testing the flow. name:Task for Flow Test 2384 start:1.731289253e+09 url:http://example.com user_id:0] map[enabled:false end:1.731290211e+09 id:22 interval:2 is_recurring:true message:This task will be used for testing the flow. name:Task for Flow Test 3208 start:1.731290214e+09 url:http://example.com user_id:0] map[enabled:false end:1.731289876e+09 id:20 interval:2 is_recurring:true message:This task will be used for testing the flow. name:Task for Flow Test 5049 start:1.731289877e+09 url:http://example.com user_id:0] map[enabled:false end:1.731290481e+09 id:24 interval:2 is_recurring:true message:This task will be used for testing the flow. name:Task for Flow Test 6761 start:1.731290471e+09 url:http://example.com user_id:0] map[enabled:false end:1.731289502e+09 id:19 interval:2 is_recurring:true message:This task will be used for testing the flow. name:Task for Flow Test 6855 start:1.731289503e+09 url:http://example.com user_id:0] map[enabled:false end:1.731290149e+09 id:21 interval:2 is_recurring:true message:This task will be used for testing the flow. name:Task for Flow Test 7328 start:1.73129015e+09 url:http://example.com user_id:0] map[enabled:false end:1.731290589e+09 id:28 interval:2 is_recurring:true message:This task will be used for testing the flow. name:Task for Flow Test 7831 start:1.731290592e+09 url:http://example.com user_id:0] map[enabled:false end:1.731290535e+09 id:26 interval:2 is_recurring:true message:This task will be used for testing the flow. name:Task for Flow Test 8644 start:1.731290525e+09 url:http://example.com user_id:0] map[enabled:false end:1.731290504e+09 id:25 interval:2 is_recurring:true message:This task will be used for testing the flow. name:Task for Flow Test 8815 start:1.731290494e+09 url:http://example.com user_id:0] map[enabled:false end:1.731290452e+09 id:23 interval:2 is_recurring:true message:This task will be used for testing the flow. name:Task for Flow Test 8896 start:1.731290442e+09 url:http://example.com user_id:0] map[enabled:false end:1.731288855e+09 id:17 interval:2 is_recurring:true message:This task will be used for testing the flow. name:Task for Flow Test2 start:1.731288845e+09 url:http://example.com user_id:0]]"
time="2024-11-11T09:03:29+07:00" level=info msg="Received request to delete task {\"task_id\":28,\"token\":\"admin\",\"username\":\"admin\"}"
time="2024-11-11T09:03:29+07:00" level=info msg="Task ID 28 deleted for user ID 1\n"
time="2024-11-11T09:03:29+07:00" level=info msg="Response from delete task: map[message:Task deleted successfully]"
time="2024-11-11T09:03:29+07:00" level=info msg="Received request to fetch tasks {\"token\":\"admin\",\"username\":\"admin\"}"
time="2024-11-11T09:03:29+07:00" level=info msg="Received request to fetch tasks for user: admin\n"
time="2024-11-11T09:03:29+07:00" level=info msg="User verified. User ID: 1\n"
time="2024-11-11T09:03:29+07:00" level=info msg="Task retrieved for user ID 1: {ID:18 UserID:0 Name:Task for Flow Test 2384 Message:This task will be used for testing the flow. URL:http://example.com Interval:2 Start:1731289253 End:1731289252 IsRecurring:true Enabled:false}\n"
time="2024-11-11T09:03:29+07:00" level=info msg="Task retrieved for user ID 1: {ID:22 UserID:0 Name:Task for Flow Test 3208 Message:This task will be used for testing the flow. URL:http://example.com Interval:2 Start:1731290214 End:1731290211 IsRecurring:true Enabled:false}\n"
time="2024-11-11T09:03:29+07:00" level=info msg="Task retrieved for user ID 1: {ID:20 UserID:0 Name:Task for Flow Test 5049 Message:This task will be used for testing the flow. URL:http://example.com Interval:2 Start:1731289877 End:1731289876 IsRecurring:true Enabled:false}\n"
time="2024-11-11T09:03:29+07:00" level=info msg="Task retrieved for user ID 1: {ID:24 UserID:0 Name:Task for Flow Test 6761 Message:This task will be used for testing the flow. URL:http://example.com Interval:2 Start:1731290471 End:1731290481 IsRecurring:true Enabled:false}\n"
time="2024-11-11T09:03:29+07:00" level=info msg="Task retrieved for user ID 1: {ID:19 UserID:0 Name:Task for Flow Test 6855 Message:This task will be used for testing the flow. URL:http://example.com Interval:2 Start:1731289503 End:1731289502 IsRecurring:true Enabled:false}\n"
time="2024-11-11T09:03:29+07:00" level=info msg="Task retrieved for user ID 1: {ID:21 UserID:0 Name:Task for Flow Test 7328 Message:This task will be used for testing the flow. URL:http://example.com Interval:2 Start:1731290150 End:1731290149 IsRecurring:true Enabled:false}\n"
time="2024-11-11T09:03:29+07:00" level=info msg="Task retrieved for user ID 1: {ID:26 UserID:0 Name:Task for Flow Test 8644 Message:This task will be used for testing the flow. URL:http://example.com Interval:2 Start:1731290525 End:1731290535 IsRecurring:true Enabled:false}\n"
time="2024-11-11T09:03:29+07:00" level=info msg="Task retrieved for user ID 1: {ID:25 UserID:0 Name:Task for Flow Test 8815 Message:This task will be used for testing the flow. URL:http://example.com Interval:2 Start:1731290494 End:1731290504 IsRecurring:true Enabled:false}\n"
time="2024-11-11T09:03:29+07:00" level=info msg="Task retrieved for user ID 1: {ID:23 UserID:0 Name:Task for Flow Test 8896 Message:This task will be used for testing the flow. URL:http://example.com Interval:2 Start:1731290442 End:1731290452 IsRecurring:true Enabled:false}\n"
time="2024-11-11T09:03:29+07:00" level=info msg="Task retrieved for user ID 1: {ID:17 UserID:0 Name:Task for Flow Test2 Message:This task will be used for testing the flow. URL:http://example.com Interval:2 Start:1731288845 End:1731288855 IsRecurring:true Enabled:false}\n"
time="2024-11-11T09:03:29+07:00" level=info msg="Total tasks retrieved for user ID 1: 10\n"
time="2024-11-11T09:03:29+07:00" level=info msg="Fetched tasks: [map[enabled:false end:1.731289252e+09 id:18 interval:2 is_recurring:true message:This task will be used for testing the flow. name:Task for Flow Test 2384 start:1.731289253e+09 url:http://example.com user_id:0] map[enabled:false end:1.731290211e+09 id:22 interval:2 is_recurring:true message:This task will be used for testing the flow. name:Task for Flow Test 3208 start:1.731290214e+09 url:http://example.com user_id:0] map[enabled:false end:1.731289876e+09 id:20 interval:2 is_recurring:true message:This task will be used for testing the flow. name:Task for Flow Test 5049 start:1.731289877e+09 url:http://example.com user_id:0] map[enabled:false end:1.731290481e+09 id:24 interval:2 is_recurring:true message:This task will be used for testing the flow. name:Task for Flow Test 6761 start:1.731290471e+09 url:http://example.com user_id:0] map[enabled:false end:1.731289502e+09 id:19 interval:2 is_recurring:true message:This task will be used for testing the flow. name:Task for Flow Test 6855 start:1.731289503e+09 url:http://example.com user_id:0] map[enabled:false end:1.731290149e+09 id:21 interval:2 is_recurring:true message:This task will be used for testing the flow. name:Task for Flow Test 7328 start:1.73129015e+09 url:http://example.com user_id:0] map[enabled:false end:1.731290535e+09 id:26 interval:2 is_recurring:true message:This task will be used for testing the flow. name:Task for Flow Test 8644 start:1.731290525e+09 url:http://example.com user_id:0] map[enabled:false end:1.731290504e+09 id:25 interval:2 is_recurring:true message:This task will be used for testing the flow. name:Task for Flow Test 8815 start:1.731290494e+09 url:http://example.com user_id:0] map[enabled:false end:1.731290452e+09 id:23 interval:2 is_recurring:true message:This task will be used for testing the flow. name:Task for Flow Test 8896 start:1.731290442e+09 url:http://example.com user_id:0] map[enabled:false end:1.731288855e+09 id:17 interval:2 is_recurring:true message:This task will be used for testing the flow. name:Task for Flow Test2 start:1.731288845e+09 url:http://example.com user_id:0]]"
